Start testing: Sep 19 14:05 EDT
----------------------------------------------------------
1/15 Testing: BufferPoolTest.getPage
1/15 Test: BufferPoolTest.getPage
Command: "/home/nonox/cs660/CS660-Fall2024-pa/build/tests/pa1/pa1" "--gtest_filter=BufferPoolTest.getPage" "--gtest_also_run_disabled_tests"
Directory: /home/nonox/cs660/CS660-Fall2024-pa/build/tests/pa1
"BufferPoolTest.getPage" start time: Sep 19 14:05 EDT
Output:
----------------------------------------------------------
Running main() from /home/nonox/cs660/CS660-Fall2024-pa/build/_deps/googletest-src/googletest/src/gtest_main.cc
Note: Google Test filter = BufferPoolTest.getPage
[==========] Running 1 test from 1 test suite.
[----------] Global test environment set-up.
[----------] 1 test from BufferPoolTest
[ RUN      ] BufferPoolTest.getPage
[       OK ] BufferPoolTest.getPage (0 ms)
[----------] 1 test from BufferPoolTest (0 ms total)

[----------] Global test environment tear-down
[==========] 1 test from 1 test suite ran. (0 ms total)
[  PASSED  ] 1 test.
<end of output>
Test time =   0.00 sec
----------------------------------------------------------
Test Passed.
"BufferPoolTest.getPage" end time: Sep 19 14:05 EDT
"BufferPoolTest.getPage" time elapsed: 00:00:00
----------------------------------------------------------

2/15 Testing: BufferPoolTest.getPageMultipleFiles
2/15 Test: BufferPoolTest.getPageMultipleFiles
Command: "/home/nonox/cs660/CS660-Fall2024-pa/build/tests/pa1/pa1" "--gtest_filter=BufferPoolTest.getPageMultipleFiles" "--gtest_also_run_disabled_tests"
Directory: /home/nonox/cs660/CS660-Fall2024-pa/build/tests/pa1
"BufferPoolTest.getPageMultipleFiles" start time: Sep 19 14:05 EDT
Output:
----------------------------------------------------------
Running main() from /home/nonox/cs660/CS660-Fall2024-pa/build/_deps/googletest-src/googletest/src/gtest_main.cc
Note: Google Test filter = BufferPoolTest.getPageMultipleFiles
[==========] Running 1 test from 1 test suite.
[----------] Global test environment set-up.
[----------] 1 test from BufferPoolTest
[ RUN      ] BufferPoolTest.getPageMultipleFiles
[       OK ] BufferPoolTest.getPageMultipleFiles (0 ms)
[----------] 1 test from BufferPoolTest (0 ms total)

[----------] Global test environment tear-down
[==========] 1 test from 1 test suite ran. (0 ms total)
[  PASSED  ] 1 test.
<end of output>
Test time =   0.00 sec
----------------------------------------------------------
Test Passed.
"BufferPoolTest.getPageMultipleFiles" end time: Sep 19 14:05 EDT
"BufferPoolTest.getPageMultipleFiles" time elapsed: 00:00:00
----------------------------------------------------------

3/15 Testing: BufferPoolTest.eviction
3/15 Test: BufferPoolTest.eviction
Command: "/home/nonox/cs660/CS660-Fall2024-pa/build/tests/pa1/pa1" "--gtest_filter=BufferPoolTest.eviction" "--gtest_also_run_disabled_tests"
Directory: /home/nonox/cs660/CS660-Fall2024-pa/build/tests/pa1
"BufferPoolTest.eviction" start time: Sep 19 14:05 EDT
Output:
----------------------------------------------------------
Running main() from /home/nonox/cs660/CS660-Fall2024-pa/build/_deps/googletest-src/googletest/src/gtest_main.cc
Note: Google Test filter = BufferPoolTest.eviction
[==========] Running 1 test from 1 test suite.
[----------] Global test environment set-up.
[----------] 1 test from BufferPoolTest
[ RUN      ] BufferPoolTest.eviction
[       OK ] BufferPoolTest.eviction (0 ms)
[----------] 1 test from BufferPoolTest (0 ms total)

[----------] Global test environment tear-down
[==========] 1 test from 1 test suite ran. (0 ms total)
[  PASSED  ] 1 test.
<end of output>
Test time =   0.00 sec
----------------------------------------------------------
Test Passed.
"BufferPoolTest.eviction" end time: Sep 19 14:05 EDT
"BufferPoolTest.eviction" time elapsed: 00:00:00
----------------------------------------------------------

4/15 Testing: BufferPoolTest.markDirty
4/15 Test: BufferPoolTest.markDirty
Command: "/home/nonox/cs660/CS660-Fall2024-pa/build/tests/pa1/pa1" "--gtest_filter=BufferPoolTest.markDirty" "--gtest_also_run_disabled_tests"
Directory: /home/nonox/cs660/CS660-Fall2024-pa/build/tests/pa1
"BufferPoolTest.markDirty" start time: Sep 19 14:05 EDT
Output:
----------------------------------------------------------
Running main() from /home/nonox/cs660/CS660-Fall2024-pa/build/_deps/googletest-src/googletest/src/gtest_main.cc
Note: Google Test filter = BufferPoolTest.markDirty
[==========] Running 1 test from 1 test suite.
[----------] Global test environment set-up.
[----------] 1 test from BufferPoolTest
[ RUN      ] BufferPoolTest.markDirty
[       OK ] BufferPoolTest.markDirty (0 ms)
[----------] 1 test from BufferPoolTest (0 ms total)

[----------] Global test environment tear-down
[==========] 1 test from 1 test suite ran. (0 ms total)
[  PASSED  ] 1 test.
<end of output>
Test time =   0.00 sec
----------------------------------------------------------
Test Passed.
"BufferPoolTest.markDirty" end time: Sep 19 14:05 EDT
"BufferPoolTest.markDirty" time elapsed: 00:00:00
----------------------------------------------------------

5/15 Testing: BufferPoolTest.flushPage
5/15 Test: BufferPoolTest.flushPage
Command: "/home/nonox/cs660/CS660-Fall2024-pa/build/tests/pa1/pa1" "--gtest_filter=BufferPoolTest.flushPage" "--gtest_also_run_disabled_tests"
Directory: /home/nonox/cs660/CS660-Fall2024-pa/build/tests/pa1
"BufferPoolTest.flushPage" start time: Sep 19 14:05 EDT
Output:
----------------------------------------------------------
Running main() from /home/nonox/cs660/CS660-Fall2024-pa/build/_deps/googletest-src/googletest/src/gtest_main.cc
Note: Google Test filter = BufferPoolTest.flushPage
[==========] Running 1 test from 1 test suite.
[----------] Global test environment set-up.
[----------] 1 test from BufferPoolTest
[ RUN      ] BufferPoolTest.flushPage
[       OK ] BufferPoolTest.flushPage (0 ms)
[----------] 1 test from BufferPoolTest (0 ms total)

[----------] Global test environment tear-down
[==========] 1 test from 1 test suite ran. (0 ms total)
[  PASSED  ] 1 test.
<end of output>
Test time =   0.00 sec
----------------------------------------------------------
Test Passed.
"BufferPoolTest.flushPage" end time: Sep 19 14:05 EDT
"BufferPoolTest.flushPage" time elapsed: 00:00:00
----------------------------------------------------------

6/15 Testing: BufferPoolTest.discardPage
6/15 Test: BufferPoolTest.discardPage
Command: "/home/nonox/cs660/CS660-Fall2024-pa/build/tests/pa1/pa1" "--gtest_filter=BufferPoolTest.discardPage" "--gtest_also_run_disabled_tests"
Directory: /home/nonox/cs660/CS660-Fall2024-pa/build/tests/pa1
"BufferPoolTest.discardPage" start time: Sep 19 14:05 EDT
Output:
----------------------------------------------------------
Running main() from /home/nonox/cs660/CS660-Fall2024-pa/build/_deps/googletest-src/googletest/src/gtest_main.cc
Note: Google Test filter = BufferPoolTest.discardPage
[==========] Running 1 test from 1 test suite.
[----------] Global test environment set-up.
[----------] 1 test from BufferPoolTest
[ RUN      ] BufferPoolTest.discardPage
[       OK ] BufferPoolTest.discardPage (0 ms)
[----------] 1 test from BufferPoolTest (0 ms total)

[----------] Global test environment tear-down
[==========] 1 test from 1 test suite ran. (0 ms total)
[  PASSED  ] 1 test.
<end of output>
Test time =   0.00 sec
----------------------------------------------------------
Test Passed.
"BufferPoolTest.discardPage" end time: Sep 19 14:05 EDT
"BufferPoolTest.discardPage" time elapsed: 00:00:00
----------------------------------------------------------

7/15 Testing: BufferPoolTest.LRU
7/15 Test: BufferPoolTest.LRU
Command: "/home/nonox/cs660/CS660-Fall2024-pa/build/tests/pa1/pa1" "--gtest_filter=BufferPoolTest.LRU" "--gtest_also_run_disabled_tests"
Directory: /home/nonox/cs660/CS660-Fall2024-pa/build/tests/pa1
"BufferPoolTest.LRU" start time: Sep 19 14:05 EDT
Output:
----------------------------------------------------------
Running main() from /home/nonox/cs660/CS660-Fall2024-pa/build/_deps/googletest-src/googletest/src/gtest_main.cc
Note: Google Test filter = BufferPoolTest.LRU
[==========] Running 1 test from 1 test suite.
[----------] Global test environment set-up.
[----------] 1 test from BufferPoolTest
[ RUN      ] BufferPoolTest.LRU
[       OK ] BufferPoolTest.LRU (0 ms)
[----------] 1 test from BufferPoolTest (0 ms total)

[----------] Global test environment tear-down
[==========] 1 test from 1 test suite ran. (0 ms total)
[  PASSED  ] 1 test.
<end of output>
Test time =   0.00 sec
----------------------------------------------------------
Test Passed.
"BufferPoolTest.LRU" end time: Sep 19 14:05 EDT
"BufferPoolTest.LRU" time elapsed: 00:00:00
----------------------------------------------------------

8/15 Testing: BefferPoolTest.flushFile
8/15 Test: BefferPoolTest.flushFile
Command: "/home/nonox/cs660/CS660-Fall2024-pa/build/tests/pa1/pa1" "--gtest_filter=BefferPoolTest.flushFile" "--gtest_also_run_disabled_tests"
Directory: /home/nonox/cs660/CS660-Fall2024-pa/build/tests/pa1
"BefferPoolTest.flushFile" start time: Sep 19 14:05 EDT
Output:
----------------------------------------------------------
Running main() from /home/nonox/cs660/CS660-Fall2024-pa/build/_deps/googletest-src/googletest/src/gtest_main.cc
Note: Google Test filter = BefferPoolTest.flushFile
[==========] Running 1 test from 1 test suite.
[----------] Global test environment set-up.
[----------] 1 test from BefferPoolTest
[ RUN      ] BefferPoolTest.flushFile
[       OK ] BefferPoolTest.flushFile (0 ms)
[----------] 1 test from BefferPoolTest (0 ms total)

[----------] Global test environment tear-down
[==========] 1 test from 1 test suite ran. (0 ms total)
[  PASSED  ] 1 test.
<end of output>
Test time =   0.00 sec
----------------------------------------------------------
Test Passed.
"BefferPoolTest.flushFile" end time: Sep 19 14:05 EDT
"BefferPoolTest.flushFile" time elapsed: 00:00:00
----------------------------------------------------------

9/15 Testing: DatabaseTest.AddDbFile
9/15 Test: DatabaseTest.AddDbFile
Command: "/home/nonox/cs660/CS660-Fall2024-pa/build/tests/pa1/pa1" "--gtest_filter=DatabaseTest.AddDbFile" "--gtest_also_run_disabled_tests"
Directory: /home/nonox/cs660/CS660-Fall2024-pa/build/tests/pa1
"DatabaseTest.AddDbFile" start time: Sep 19 14:05 EDT
Output:
----------------------------------------------------------
Running main() from /home/nonox/cs660/CS660-Fall2024-pa/build/_deps/googletest-src/googletest/src/gtest_main.cc
Note: Google Test filter = DatabaseTest.AddDbFile
[==========] Running 1 test from 1 test suite.
[----------] Global test environment set-up.
[----------] 1 test from DatabaseTest
[ RUN      ] DatabaseTest.AddDbFile
[       OK ] DatabaseTest.AddDbFile (0 ms)
[----------] 1 test from DatabaseTest (0 ms total)

[----------] Global test environment tear-down
[==========] 1 test from 1 test suite ran. (0 ms total)
[  PASSED  ] 1 test.
<end of output>
Test time =   0.00 sec
----------------------------------------------------------
Test Passed.
"DatabaseTest.AddDbFile" end time: Sep 19 14:05 EDT
"DatabaseTest.AddDbFile" time elapsed: 00:00:00
----------------------------------------------------------

10/15 Testing: DatabaseTest.AddDbFileTwice
10/15 Test: DatabaseTest.AddDbFileTwice
Command: "/home/nonox/cs660/CS660-Fall2024-pa/build/tests/pa1/pa1" "--gtest_filter=DatabaseTest.AddDbFileTwice" "--gtest_also_run_disabled_tests"
Directory: /home/nonox/cs660/CS660-Fall2024-pa/build/tests/pa1
"DatabaseTest.AddDbFileTwice" start time: Sep 19 14:05 EDT
Output:
----------------------------------------------------------
Running main() from /home/nonox/cs660/CS660-Fall2024-pa/build/_deps/googletest-src/googletest/src/gtest_main.cc
Note: Google Test filter = DatabaseTest.AddDbFileTwice
[==========] Running 1 test from 1 test suite.
[----------] Global test environment set-up.
[----------] 1 test from DatabaseTest
[ RUN      ] DatabaseTest.AddDbFileTwice
[       OK ] DatabaseTest.AddDbFileTwice (0 ms)
[----------] 1 test from DatabaseTest (0 ms total)

[----------] Global test environment tear-down
[==========] 1 test from 1 test suite ran. (0 ms total)
[  PASSED  ] 1 test.
<end of output>
Test time =   0.00 sec
----------------------------------------------------------
Test Passed.
"DatabaseTest.AddDbFileTwice" end time: Sep 19 14:05 EDT
"DatabaseTest.AddDbFileTwice" time elapsed: 00:00:00
----------------------------------------------------------

11/15 Testing: DatabaseTest.AddMultipleDbFiles
11/15 Test: DatabaseTest.AddMultipleDbFiles
Command: "/home/nonox/cs660/CS660-Fall2024-pa/build/tests/pa1/pa1" "--gtest_filter=DatabaseTest.AddMultipleDbFiles" "--gtest_also_run_disabled_tests"
Directory: /home/nonox/cs660/CS660-Fall2024-pa/build/tests/pa1
"DatabaseTest.AddMultipleDbFiles" start time: Sep 19 14:05 EDT
Output:
----------------------------------------------------------
Running main() from /home/nonox/cs660/CS660-Fall2024-pa/build/_deps/googletest-src/googletest/src/gtest_main.cc
Note: Google Test filter = DatabaseTest.AddMultipleDbFiles
[==========] Running 1 test from 1 test suite.
[----------] Global test environment set-up.
[----------] 1 test from DatabaseTest
[ RUN      ] DatabaseTest.AddMultipleDbFiles
[       OK ] DatabaseTest.AddMultipleDbFiles (0 ms)
[----------] 1 test from DatabaseTest (0 ms total)

[----------] Global test environment tear-down
[==========] 1 test from 1 test suite ran. (0 ms total)
[  PASSED  ] 1 test.
<end of output>
Test time =   0.00 sec
----------------------------------------------------------
Test Passed.
"DatabaseTest.AddMultipleDbFiles" end time: Sep 19 14:05 EDT
"DatabaseTest.AddMultipleDbFiles" time elapsed: 00:00:00
----------------------------------------------------------

12/15 Testing: DatabaseTest.GetNonexistentDbFile
12/15 Test: DatabaseTest.GetNonexistentDbFile
Command: "/home/nonox/cs660/CS660-Fall2024-pa/build/tests/pa1/pa1" "--gtest_filter=DatabaseTest.GetNonexistentDbFile" "--gtest_also_run_disabled_tests"
Directory: /home/nonox/cs660/CS660-Fall2024-pa/build/tests/pa1
"DatabaseTest.GetNonexistentDbFile" start time: Sep 19 14:05 EDT
Output:
----------------------------------------------------------
Running main() from /home/nonox/cs660/CS660-Fall2024-pa/build/_deps/googletest-src/googletest/src/gtest_main.cc
Note: Google Test filter = DatabaseTest.GetNonexistentDbFile
[==========] Running 1 test from 1 test suite.
[----------] Global test environment set-up.
[----------] 1 test from DatabaseTest
[ RUN      ] DatabaseTest.GetNonexistentDbFile
[       OK ] DatabaseTest.GetNonexistentDbFile (0 ms)
[----------] 1 test from DatabaseTest (0 ms total)

[----------] Global test environment tear-down
[==========] 1 test from 1 test suite ran. (0 ms total)
[  PASSED  ] 1 test.
<end of output>
Test time =   0.00 sec
----------------------------------------------------------
Test Passed.
"DatabaseTest.GetNonexistentDbFile" end time: Sep 19 14:05 EDT
"DatabaseTest.GetNonexistentDbFile" time elapsed: 00:00:00
----------------------------------------------------------

13/15 Testing: DatabaseTest.RemoveDbFile
13/15 Test: DatabaseTest.RemoveDbFile
Command: "/home/nonox/cs660/CS660-Fall2024-pa/build/tests/pa1/pa1" "--gtest_filter=DatabaseTest.RemoveDbFile" "--gtest_also_run_disabled_tests"
Directory: /home/nonox/cs660/CS660-Fall2024-pa/build/tests/pa1
"DatabaseTest.RemoveDbFile" start time: Sep 19 14:05 EDT
Output:
----------------------------------------------------------
Running main() from /home/nonox/cs660/CS660-Fall2024-pa/build/_deps/googletest-src/googletest/src/gtest_main.cc
Note: Google Test filter = DatabaseTest.RemoveDbFile
[==========] Running 1 test from 1 test suite.
[----------] Global test environment set-up.
[----------] 1 test from DatabaseTest
[ RUN      ] DatabaseTest.RemoveDbFile
[       OK ] DatabaseTest.RemoveDbFile (0 ms)
[----------] 1 test from DatabaseTest (0 ms total)

[----------] Global test environment tear-down
[==========] 1 test from 1 test suite ran. (0 ms total)
[  PASSED  ] 1 test.
<end of output>
Test time =   0.00 sec
----------------------------------------------------------
Test Passed.
"DatabaseTest.RemoveDbFile" end time: Sep 19 14:05 EDT
"DatabaseTest.RemoveDbFile" time elapsed: 00:00:00
----------------------------------------------------------

14/15 Testing: DatabaseTest.RemoveNonexistentDbFile
14/15 Test: DatabaseTest.RemoveNonexistentDbFile
Command: "/home/nonox/cs660/CS660-Fall2024-pa/build/tests/pa1/pa1" "--gtest_filter=DatabaseTest.RemoveNonexistentDbFile" "--gtest_also_run_disabled_tests"
Directory: /home/nonox/cs660/CS660-Fall2024-pa/build/tests/pa1
"DatabaseTest.RemoveNonexistentDbFile" start time: Sep 19 14:05 EDT
Output:
----------------------------------------------------------
Running main() from /home/nonox/cs660/CS660-Fall2024-pa/build/_deps/googletest-src/googletest/src/gtest_main.cc
Note: Google Test filter = DatabaseTest.RemoveNonexistentDbFile
[==========] Running 1 test from 1 test suite.
[----------] Global test environment set-up.
[----------] 1 test from DatabaseTest
[ RUN      ] DatabaseTest.RemoveNonexistentDbFile
[       OK ] DatabaseTest.RemoveNonexistentDbFile (0 ms)
[----------] 1 test from DatabaseTest (0 ms total)

[----------] Global test environment tear-down
[==========] 1 test from 1 test suite ran. (0 ms total)
[  PASSED  ] 1 test.
<end of output>
Test time =   0.00 sec
----------------------------------------------------------
Test Passed.
"DatabaseTest.RemoveNonexistentDbFile" end time: Sep 19 14:05 EDT
"DatabaseTest.RemoveNonexistentDbFile" time elapsed: 00:00:00
----------------------------------------------------------

15/15 Testing: DatabaseTest.MultipleOperations
15/15 Test: DatabaseTest.MultipleOperations
Command: "/home/nonox/cs660/CS660-Fall2024-pa/build/tests/pa1/pa1" "--gtest_filter=DatabaseTest.MultipleOperations" "--gtest_also_run_disabled_tests"
Directory: /home/nonox/cs660/CS660-Fall2024-pa/build/tests/pa1
"DatabaseTest.MultipleOperations" start time: Sep 19 14:05 EDT
Output:
----------------------------------------------------------
Running main() from /home/nonox/cs660/CS660-Fall2024-pa/build/_deps/googletest-src/googletest/src/gtest_main.cc
Note: Google Test filter = DatabaseTest.MultipleOperations
[==========] Running 1 test from 1 test suite.
[----------] Global test environment set-up.
[----------] 1 test from DatabaseTest
[ RUN      ] DatabaseTest.MultipleOperations
[       OK ] DatabaseTest.MultipleOperations (0 ms)
[----------] 1 test from DatabaseTest (0 ms total)

[----------] Global test environment tear-down
[==========] 1 test from 1 test suite ran. (0 ms total)
[  PASSED  ] 1 test.
<end of output>
Test time =   0.00 sec
----------------------------------------------------------
Test Passed.
"DatabaseTest.MultipleOperations" end time: Sep 19 14:05 EDT
"DatabaseTest.MultipleOperations" time elapsed: 00:00:00
----------------------------------------------------------

End testing: Sep 19 14:05 EDT
